Mon Oct 22 2018 23:58:45 GMT-0400 (Eastern Daylight Time): GET, /
Mon Oct 22 2018 23:58:46 GMT-0400 (Eastern Daylight Time): GET, /about
Tue Oct 23 2018 00:04:39 GMT-0400 (Eastern Daylight Time): GET, /about
Tue Oct 23 2018 00:04:42 GMT-0400 (Eastern Daylight Time): GET, /about
Tue Oct 23 2018 00:05:30 GMT-0400 (Eastern Daylight Time): GET, /about
Tue Oct 23 2018 00:08:46 GMT-0400 (Eastern Daylight Time): GET, /about
Tue Oct 23 2018 00:08:49 GMT-0400 (Eastern Daylight Time): GET, /about
Tue Oct 23 2018 00:08:49 GMT-0400 (Eastern Daylight Time): GET, /
Tue Oct 23 2018 00:09:50 GMT-0400 (Eastern Daylight Time): GET, /
Tue Oct 23 2018 00:10:07 GMT-0400 (Eastern Daylight Time): GET, /
Tue Oct 23 2018 00:10:10 GMT-0400 (Eastern Daylight Time): GET, /
Tue Oct 23 2018 00:10:14 GMT-0400 (Eastern Daylight Time): GET, /home.html
Tue Oct 23 2018 00:10:14 GMT-0400 (Eastern Daylight Time): GET, /favicon.ico
Tue Oct 23 2018 00:10:31 GMT-0400 (Eastern Daylight Time): GET, /home.html
Tue Oct 23 2018 00:10:31 GMT-0400 (Eastern Daylight Time): GET, /favicon.ico
Tue Oct 23 2018 00:10:35 GMT-0400 (Eastern Daylight Time): GET, /favicon.ico
Tue Oct 23 2018 00:16:50 GMT-0400 (Eastern Daylight Time): GET /about
Tue Oct 23 2018 00:16:54 GMT-0400 (Eastern Daylight Time): GET /about
Tue Oct 23 2018 00:16:55 GMT-0400 (Eastern Daylight Time): GET /
Tue Oct 23 2018 00:16:56 GMT-0400 (Eastern Daylight Time): GET /home.html
Tue Oct 23 2018 00:16:57 GMT-0400 (Eastern Daylight Time): GET /home.html
Tue Oct 23 2018 00:16:58 GMT-0400 (Eastern Daylight Time): GET /home.html
Tue Oct 23 2018 00:19:30 GMT-0400 (Eastern Daylight Time): GET /help.html
Tue Oct 23 2018 00:19:32 GMT-0400 (Eastern Daylight Time): GET /help.html
